Start installing ROSA HCP cluster gm-2405022354 in a Single-AZ ...
{
    "UserId": "AIDAZHWQV3JOTIOBCZC4R",
    "Account": "635019057757",
    "Arn": "arn:aws:iam::635019057757:user/open-environment-td9nl-admin"
}
{
    "Role": {
        "Path": "/aws-service-role/elasticloadbalancing.amazonaws.com/",
        "RoleName": "AWSServiceRoleForElasticLoadBalancing",
        "RoleId": "AROAZHWQV3JO6AXE25ABX",
        "Arn": "arn:aws:iam::635019057757:role/aws-service-role/elasticloadbalancing.amazonaws.com/AWSServiceRoleForElasticLoadBalancing",
        "CreateDate": "2019-09-07T15:14:23+00:00",
        "AssumeRolePolicyDocument": {
            "Version": "2012-10-17",
            "Statement": [
                {
                    "Effect": "Allow",
                    "Principal": {
                        "Service": "elasticloadbalancing.amazonaws.com"
                    },
                    "Action": "sts:AssumeRole"
                }
            ]
        },
        "Description": "Allows ELB to call AWS services on your behalf.",
        "MaxSessionDuration": 3600,
        "RoleLastUsed": {
            "LastUsedDate": "2024-05-02T20:23:47+00:00",
            "Region": "us-east-2"
        }
    }
}
#
Creating the VPC:  vpc-0a7e5451d50205805
VPC_ID_VALUE  vpc-0a7e5451d50205805
Creating the Public Subnet:  subnet-056a64207e26441a3
Creating the Private Subnet:  subnet-082a62181dac3c4a7
Creating the IGW:  igw-01a638d3dc64fa9fd
Creating the Public Route Table:  rtb-02248f8b2c3e3ac52
{
    "Return": true
}
{
    "AssociationId": "rtbassoc-0942810487f96f5fa",
    "AssociationState": {
        "State": "associated"
    }
}
Creating the NGW:  nat-013d2eefaed4a1b12
Waiting for NGW to warm up 
Creating the Private Route Table:  rtb-0c5aeb03ed60112b0
{
    "Return": true
}
{
    "AssociationId": "rtbassoc-0803f914da7e6fc7c",
    "AssociationState": {
        "State": "associated"
    }
}
#
VPC creation ... done! 
#
Going to create account and operator roles ...
INFO: Creating hosted CP account roles using 'arn:aws:iam::635019057757:user/open-environment-td9nl-admin'
INFO: Created role 'gm-2405022354-HCP-ROSA-Installer-Role' with ARN 'arn:aws:iam::635019057757:role/gm-2405022354-HCP-ROSA-Installer-Role'
INFO: Created role 'gm-2405022354-HCP-ROSA-Support-Role' with ARN 'arn:aws:iam::635019057757:role/gm-2405022354-HCP-ROSA-Support-Role'
INFO: Created role 'gm-2405022354-HCP-ROSA-Worker-Role' with ARN 'arn:aws:iam::635019057757:role/gm-2405022354-HCP-ROSA-Worker-Role'
Creating the OIDC config 2b0rsr4jupachs5tk1j2f4n4iaa1o864
OIDC_ID  2b0rsr4jupachs5tk1j2f4n4iaa1o864
Creating operator-roles
INFO: Creating roles using 'arn:aws:iam::635019057757:user/open-environment-td9nl-admin'
INFO: Created role 'gm-2405022354-kube-system-kms-provider' with ARN 'arn:aws:iam::635019057757:role/gm-2405022354-kube-system-kms-provider'
INFO: Created role 'gm-2405022354-openshift-image-registry-installer-cloud-credentia' with ARN 'arn:aws:iam::635019057757:role/gm-2405022354-openshift-image-registry-installer-cloud-credentia'
INFO: Created role 'gm-2405022354-openshift-ingress-operator-cloud-credentials' with ARN 'arn:aws:iam::635019057757:role/gm-2405022354-openshift-ingress-operator-cloud-credentials'
INFO: Created role 'gm-2405022354-openshift-cluster-csi-drivers-ebs-cloud-credential' with ARN 'arn:aws:iam::635019057757:role/gm-2405022354-openshift-cluster-csi-drivers-ebs-cloud-credential'
INFO: Created role 'gm-2405022354-openshift-cloud-network-config-controller-cloud-cr' with ARN 'arn:aws:iam::635019057757:role/gm-2405022354-openshift-cloud-network-config-controller-cloud-cr'
INFO: Created role 'gm-2405022354-kube-system-kube-controller-manager' with ARN 'arn:aws:iam::635019057757:role/gm-2405022354-kube-system-kube-controller-manager'
INFO: Created role 'gm-2405022354-kube-system-capa-controller-manager' with ARN 'arn:aws:iam::635019057757:role/gm-2405022354-kube-system-capa-controller-manager'
INFO: Created role 'gm-2405022354-kube-system-control-plane-operator' with ARN 'arn:aws:iam::635019057757:role/gm-2405022354-kube-system-control-plane-operator'
Creating ROSA HCP cluster 
INFO: Creating cluster 'gm-2405022354'
INFO: To view a list of clusters and their status, run 'rosa list clusters'
INFO: Cluster 'gm-2405022354' has been created.
INFO: Once the cluster is installed you will need to add an Identity Provider before you can login into the cluster. See 'rosa create idp --help' for more information.

Name:                       gm-2405022354
ID:                         2b0rt2frtl63o486kl4plo0cio90jojq
External ID:                5f93aa94-f59f-4d53-ae30-37122dbb7fb2
Control Plane:              ROSA Service Hosted
OpenShift Version:          4.15.10
Channel Group:              stable
DNS:                        Not ready
AWS Account:                635019057757
AWS Billing Account:        635019057757
API URL:                    
Console URL:                
Region:                     us-east-2
Availability:
 - Control Plane:           MultiAZ
 - Data Plane:              SingleAZ
Nodes:
 - Compute (desired):       2
 - Compute (current):       0
Network:
 - Type:                    OVNKubernetes
 - Service CIDR:            172.30.0.0/16
 - Machine CIDR:            10.0.0.0/16
 - Pod CIDR:                10.128.0.0/14
 - Host Prefix:             /23
 - Subnets:                 subnet-082a62181dac3c4a7, subnet-056a64207e26441a3
EC2 Metadata Http Tokens:   optional
STS Role ARN:               arn:aws:iam::635019057757:role/gm-2405022354-HCP-ROSA-Installer-Role
Support Role ARN:           arn:aws:iam::635019057757:role/gm-2405022354-HCP-ROSA-Support-Role
Instance IAM Roles:
 - Worker:                  arn:aws:iam::635019057757:role/gm-2405022354-HCP-ROSA-Worker-Role
Operator IAM Roles:
 - arn:aws:iam::635019057757:role/gm-2405022354-kube-system-capa-controller-manager
 - arn:aws:iam::635019057757:role/gm-2405022354-kube-system-control-plane-operator
 - arn:aws:iam::635019057757:role/gm-2405022354-openshift-image-registry-installer-cloud-credentia
 - arn:aws:iam::635019057757:role/gm-2405022354-openshift-ingress-operator-cloud-credentials
 - arn:aws:iam::635019057757:role/gm-2405022354-openshift-cluster-csi-drivers-ebs-cloud-credential
 - arn:aws:iam::635019057757:role/gm-2405022354-openshift-cloud-network-config-controller-cloud-cr
 - arn:aws:iam::635019057757:role/gm-2405022354-kube-system-kms-provider
 - arn:aws:iam::635019057757:role/gm-2405022354-kube-system-kube-controller-manager
Managed Policies:           Yes
State:                      waiting (Waiting for user action)
Private:                    No
Created:                    May  2 2024 21:58:41 UTC
User Workload Monitoring:   Enabled
Details Page:               https://console.redhat.com/openshift/details/s/2fvgltygl4Cn1H9HLzYPCx8VlTl
OIDC Endpoint URL:          https://oidc.op1.openshiftapps.com/2b0rsr4jupachs5tk1j2f4n4iaa1o864 (Managed)
Audit Log Forwarding:       Disabled

INFO: Preparing to create operator roles.
INFO: Operator Roles already exists
INFO: Preparing to create OIDC Provider.
INFO: Creating OIDC provider using 'arn:aws:iam::635019057757:user/open-environment-td9nl-admin'
INFO: Created OIDC provider with ARN 'arn:aws:iam::635019057757:oidc-provider/oidc.op1.openshiftapps.com/2b0rsr4jupachs5tk1j2f4n4iaa1o864'
INFO: To determine when your cluster is Ready, run 'rosa describe cluster -c gm-2405022354'.
INFO: To watch your cluster installation logs, run 'rosa logs install -c gm-2405022354 --watch'.
Appending rosa installation logs to /home/gmollo/tools/cluster/svil/rosa-hcp-fast-deploy/gm-2405022354.log 
INFO: Cluster 'gm-2405022354' is in waiting state waiting for installation to begin. Logs will show up within 5 minutes
0001-01-01 00:00:00 +0000 UTC hostedclusters gm-2405022354 Version 
2024-05-02 22:01:37 +0000 UTC hostedclusters gm-2405022354 Condition not found in the CVO.
2024-05-02 22:01:37 +0000 UTC hostedclusters gm-2405022354 The hosted control plane is not found
2024-05-02 22:01:37 +0000 UTC hostedclusters gm-2405022354 Condition not found in the CVO.
2024-05-02 22:01:37 +0000 UTC hostedclusters gm-2405022354 Condition not found in the CVO.
2024-05-02 22:01:37 +0000 UTC hostedclusters gm-2405022354 Condition not found in the CVO.
2024-05-02 22:01:37 +0000 UTC hostedclusters gm-2405022354 The hosted control plane is not found
2024-05-02 22:01:37 +0000 UTC hostedclusters gm-2405022354 The hosted control plane is not found
2024-05-02 22:01:37 +0000 UTC hostedclusters gm-2405022354 The hosted control plane is not found
2024-05-02 22:01:37 +0000 UTC hostedclusters gm-2405022354 Condition not found in the CVO.
2024-05-02 22:01:37 +0000 UTC hostedclusters gm-2405022354 Waiting for hosted control plane to be healthy
2024-05-02 22:01:37 +0000 UTC hostedclusters gm-2405022354 The hosted control plane is not found
2024-05-02 22:01:37 +0000 UTC hostedclusters gm-2405022354 The hosted control plane is not found
2024-05-02 22:01:37 +0000 UTC hostedclusters gm-2405022354 The hosted control plane is not found
2024-05-02 22:01:37 +0000 UTC hostedclusters gm-2405022354 Ignition server deployment not found
2024-05-02 22:01:37 +0000 UTC hostedclusters gm-2405022354 Configuration passes validation
2024-05-02 22:01:37 +0000 UTC hostedclusters gm-2405022354 HostedCluster is supported by operator configuration
2024-05-02 22:01:37 +0000 UTC hostedclusters gm-2405022354 Release image is valid
2024-05-02 22:01:37 +0000 UTC hostedclusters gm-2405022354 ValidAWSIdentityProvider StatusUnknown
2024-05-02 22:01:37 +0000 UTC hostedclusters gm-2405022354 Reconciliation active on resource
2024-05-02 22:01:37 +0000 UTC hostedclusters gm-2405022354 HostedCluster is at expected version
2024-05-02 22:01:38 +0000 UTC hostedclusters gm-2405022354 failed to get referenced secret ocm-production-2b0rt2frtl63o486kl4plo0cio90jojq/cluster-api-cert: Secret "cluster-api-cert" not found
0001-01-01 00:00:00 +0000 UTC hostedclusters gm-2405022354 Version 
2024-05-02 22:01:37 +0000 UTC hostedclusters gm-2405022354 Release image is valid
2024-05-02 22:01:37 +0000 UTC hostedclusters gm-2405022354 Condition not found in the CVO.
2024-05-02 22:01:37 +0000 UTC hostedclusters gm-2405022354 Condition not found in the CVO.
2024-05-02 22:01:37 +0000 UTC hostedclusters gm-2405022354 Condition not found in the CVO.
2024-05-02 22:01:37 +0000 UTC hostedclusters gm-2405022354 Reconciliation active on resource
2024-05-02 22:01:37 +0000 UTC hostedclusters gm-2405022354 router load balancer is not provisioned; 4s since creation.; router load balancer is not provisioned; 4s since creation.
2024-05-02 22:01:37 +0000 UTC hostedclusters gm-2405022354 HostedCluster is supported by operator configuration
2024-05-02 22:01:37 +0000 UTC hostedclusters gm-2405022354 Configuration passes validation
2024-05-02 22:01:37 +0000 UTC hostedclusters gm-2405022354 Condition not found in the CVO.
2024-05-02 22:01:37 +0000 UTC hostedclusters gm-2405022354 Condition not found in the CVO.
2024-05-02 22:01:37 +0000 UTC hostedclusters gm-2405022354 Ignition server deployment not found
2024-05-02 22:01:37 +0000 UTC hostedclusters gm-2405022354 HostedCluster is at expected version
2024-05-02 22:03:30 +0000 UTC hostedclusters gm-2405022354 OIDC configuration is valid
2024-05-02 22:03:30 +0000 UTC hostedclusters gm-2405022354 Reconciliation completed successfully
2024-05-02 22:03:35 +0000 UTC hostedclusters gm-2405022354 WebIdentityErr
2024-05-02 22:03:36 +0000 UTC hostedclusters gm-2405022354 router load balancer is not provisioned; 4s since creation.; router load balancer is not provisioned; 4s since creation.
2024-05-02 22:03:36 +0000 UTC hostedclusters gm-2405022354 All is well
2024-05-02 22:03:36 +0000 UTC hostedclusters gm-2405022354 lookup api.gm-2405022354.8exb.p3.openshiftapps.com on 172.30.0.10:53: no such host
2024-05-02 22:03:36 +0000 UTC hostedclusters gm-2405022354 capi-provider deployment has 1 unavailable replicas
2024-05-02 22:03:36 +0000 UTC hostedclusters gm-2405022354 Configuration passes validation
2024-05-02 22:03:36 +0000 UTC hostedclusters gm-2405022354 AWS KMS is not configured
2024-05-02 22:03:36 +0000 UTC hostedclusters gm-2405022354 EtcdAvailable StatefulSetNotFound
2024-05-02 22:03:36 +0000 UTC hostedclusters gm-2405022354 Kube APIServer deployment not found
2024-05-02 22:03:44 +0000 UTC hostedclusters gm-2405022354 All is well
2024-05-02 22:04:35 +0000 UTC hostedclusters gm-2405022354 EtcdAvailable QuorumAvailable
2024-05-02 22:05:40 +0000 UTC hostedclusters gm-2405022354 Kube APIServer deployment is available
2024-05-02 22:05:46 +0000 UTC hostedclusters gm-2405022354 All is well
2024-05-02 22:06:47 +0000 UTC hostedclusters gm-2405022354 [aws-cloud-controller-manager deployment has 1 unavailable replicas, catalog-operator deployment has 1 unavailable replicas, certified-operators-catalog deployment has 1 unavailable replicas, cloud-credential-operator deployment has 1 unavailable replicas, cluster-autoscaler deployment has 1 unavailable replicas, cluster-image-registry-operator deployment has 1 unavailable replicas, cluster-network-operator deployment has 1 unavailable replicas, cluster-node-tuning-operator deployment has 1 unavailable replicas, cluster-policy-controller deployment has 3 unavailable replicas, cluster-storage-operator deployment has 1 unavailable replicas, cluster-version-operator deployment has 1 unavailable replicas, community-operators-catalog deployment has 1 unavailable replicas, csi-snapshot-controller-operator deployment has 1 unavailable replicas, dns-operator deployment has 1 unavailable replicas, hosted-cluster-config-operator deployment has 1 unavailable replicas, ingress-operator deployment has 1 unavailable replicas, konnectivity-agent deployment has 1 unavailable replicas, machine-approver deployment has 1 unavailable replicas, oauth-openshift deployment has 2 unavailable replicas, olm-operator deployment has 1 unavailable replicas, openshift-controller-manager deployment has 2 unavailable replicas, openshift-oauth-apiserver deployment has 3 unavailable replicas, openshift-route-controller-manager deployment has 2 unavailable replicas, packageserver deployment has 3 unavailable replicas, redhat-marketplace-catalog deployment has 1 unavailable replicas, redhat-operators-catalog deployment has 1 unavailable replicas]
2024-05-02 22:06:47 +0000 UTC hostedclusters gm-2405022354 The hosted control plane is available
INFO: Cluster 'gm-2405022354' is now ready

Name:                       gm-2405022354
ID:                         2b0rt2frtl63o486kl4plo0cio90jojq
External ID:                5f93aa94-f59f-4d53-ae30-37122dbb7fb2
Control Plane:              ROSA Service Hosted
OpenShift Version:          4.15.10
Channel Group:              stable
DNS:                        gm-2405022354.8exb.p3.openshiftapps.com
AWS Account:                635019057757
AWS Billing Account:        635019057757
API URL:                    https://api.gm-2405022354.8exb.p3.openshiftapps.com:443
Console URL:                
Region:                     us-east-2
Availability:
 - Control Plane:           MultiAZ
 - Data Plane:              SingleAZ
Nodes:
 - Compute (desired):       2
 - Compute (current):       0
Network:
 - Type:                    OVNKubernetes
 - Service CIDR:            172.30.0.0/16
 - Machine CIDR:            10.0.0.0/16
 - Pod CIDR:                10.128.0.0/14
 - Host Prefix:             /23
 - Subnets:                 subnet-082a62181dac3c4a7, subnet-056a64207e26441a3
EC2 Metadata Http Tokens:   optional
STS Role ARN:               arn:aws:iam::635019057757:role/gm-2405022354-HCP-ROSA-Installer-Role
Support Role ARN:           arn:aws:iam::635019057757:role/gm-2405022354-HCP-ROSA-Support-Role
Instance IAM Roles:
 - Worker:                  arn:aws:iam::635019057757:role/gm-2405022354-HCP-ROSA-Worker-Role
Operator IAM Roles:
 - arn:aws:iam::635019057757:role/gm-2405022354-kube-system-capa-controller-manager
 - arn:aws:iam::635019057757:role/gm-2405022354-kube-system-control-plane-operator
 - arn:aws:iam::635019057757:role/gm-2405022354-openshift-image-registry-installer-cloud-credentia
 - arn:aws:iam::635019057757:role/gm-2405022354-openshift-ingress-operator-cloud-credentials
 - arn:aws:iam::635019057757:role/gm-2405022354-openshift-cluster-csi-drivers-ebs-cloud-credential
 - arn:aws:iam::635019057757:role/gm-2405022354-openshift-cloud-network-config-controller-cloud-cr
 - arn:aws:iam::635019057757:role/gm-2405022354-kube-system-kms-provider
 - arn:aws:iam::635019057757:role/gm-2405022354-kube-system-kube-controller-manager
Managed Policies:           Yes
State:                      ready 
Private:                    No
Created:                    May  2 2024 21:58:41 UTC
User Workload Monitoring:   Enabled
Details Page:               https://console.redhat.com/openshift/details/s/2fvgltygl4Cn1H9HLzYPCx8VlTl
OIDC Endpoint URL:          https://oidc.op1.openshiftapps.com/2b0rsr4jupachs5tk1j2f4n4iaa1o864 (Managed)
Audit Log Forwarding:       Disabled

Creating the cluster-admin user
INFO: Admin account has been added to cluster 'gm-2405022354'.
INFO: Please securely store this generated password. If you lose this password you can delete and recreate the cluster admin user.
INFO: To login, run the following command:

   oc login https://api.gm-2405022354.8exb.p3.openshiftapps.com:443 --username cluster-admin --password nQKXf-GQ7HE-yqFou-nMa9M

INFO: It may take several minutes for this access to become active.
 
 
 
[1;32mDone!!! [00;00m
[1;32mCluster  gm-2405022354  has been installed and is now up and running[00;00m
[1;32mPlease allow a few minutes before to login, for additional information check the /home/gmollo/tools/cluster/svil/rosa-hcp-fast-deploy/gm-2405022354.log file[00;00m
 
 
 
#
# Start deleting ROSA HCP cluster gm-2405022354, VPC, roles, etc. 
# Further details can be found in /home/gmollo/tools/cluster/svil/rosa-hcp-fast-deploy/gm-2405022354.log LOG file
#
{
    "NatGatewayId": "nat-013d2eefaed4a1b12"
}
[01;31m#  Going to delete the HCP cluster named  gm-2405022354  and the VPC  vpc-0a7e5451d50205805[00;00m
INFO: Cluster 'gm-2405022354' will start uninstalling now
INFO: Your cluster 'gm-2405022354' will be deleted but the following objects may remain
INFO: Operator IAM Roles: - arn:aws:iam::635019057757:role/gm-2405022354-kube-system-capa-controller-manager
 - arn:aws:iam::635019057757:role/gm-2405022354-kube-system-control-plane-operator
 - arn:aws:iam::635019057757:role/gm-2405022354-openshift-image-registry-installer-cloud-credentia
 - arn:aws:iam::635019057757:role/gm-2405022354-openshift-ingress-operator-cloud-credentials
 - arn:aws:iam::635019057757:role/gm-2405022354-openshift-cluster-csi-drivers-ebs-cloud-credential
 - arn:aws:iam::635019057757:role/gm-2405022354-openshift-cloud-network-config-controller-cloud-cr
 - arn:aws:iam::635019057757:role/gm-2405022354-kube-system-kms-provider
 - arn:aws:iam::635019057757:role/gm-2405022354-kube-system-kube-controller-manager

INFO: OIDC Provider : https://oidc.op1.openshiftapps.com/2b0rsr4jupachs5tk1j2f4n4iaa1o864

INFO: Once the cluster is uninstalled use the following commands to remove the above aws resources.

	rosa delete operator-roles --prefix gm-2405022354
	rosa delete oidc-provider --oidc-config-id 2b0rsr4jupachs5tk1j2f4n4iaa1o864
INFO: To watch your cluster uninstallation logs, run 'rosa logs uninstall -c gm-2405022354 --watch'
#  You can watch logs with "$ tail -f /home/gmollo/tools/cluster/svil/rosa-hcp-fast-deploy/gm-2405022354.log"
