Start installing a Private ROSA HCP cluster gm-2405131707 in a Single-AZ  with JUMP HOST ...
JUMP_HOST ON
{
    "UserId": "AIDAZHWQV3JOTIOBCZC4R",
    "Account": "635019057757",
    "Arn": "arn:aws:iam::635019057757:user/open-environment-td9nl-admin"
}
{
    "Role": {
        "Path": "/aws-service-role/elasticloadbalancing.amazonaws.com/",
        "RoleName": "AWSServiceRoleForElasticLoadBalancing",
        "RoleId": "AROAZHWQV3JO6AXE25ABX",
        "Arn": "arn:aws:iam::635019057757:role/aws-service-role/elasticloadbalancing.amazonaws.com/AWSServiceRoleForElasticLoadBalancing",
        "CreateDate": "2019-09-07T15:14:23+00:00",
        "AssumeRolePolicyDocument": {
            "Version": "2012-10-17",
            "Statement": [
                {
                    "Effect": "Allow",
                    "Principal": {
                        "Service": "elasticloadbalancing.amazonaws.com"
                    },
                    "Action": "sts:AssumeRole"
                }
            ]
        },
        "Description": "Allows ELB to call AWS services on your behalf.",
        "MaxSessionDuration": 3600,
        "RoleLastUsed": {
            "LastUsedDate": "2024-05-13T14:00:07+00:00",
            "Region": "us-east-2"
        }
    }
}
#
Creating the VPC:  vpc-0773dd87e254a7c72
VPC_ID_VALUE  vpc-0773dd87e254a7c72
Creating the Public Subnet:  subnet-023b0e64b28f46a93
Creating the Private Subnet:  subnet-0c9370a0c19244b03
Creating the IGW:  igw-0cac1705d53a82d64
Creating the Public Route Table:  rtb-0ed71e4364a95701b
{
    "Return": true
}
{
    "AssociationId": "rtbassoc-0f4deeaa2961d709f",
    "AssociationState": {
        "State": "associated"
    }
}
Creating the NGW:  nat-0475a6ce5535da67e
Waiting for NGW to warm up 
Creating the Private Route Table:  rtb-0d571b7efcc2487d3
{
    "Return": true
}
{
    "AssociationId": "rtbassoc-0bc307a04ee10eba2",
    "AssociationState": {
        "State": "associated"
    }
}
#
VPC creation ... done! 
#
Going to create account and operator roles ...
INFO: Creating hosted CP account roles using 'arn:aws:iam::635019057757:user/open-environment-td9nl-admin'
INFO: Created role 'gm-2405131707-HCP-ROSA-Installer-Role' with ARN 'arn:aws:iam::635019057757:role/gm-2405131707-HCP-ROSA-Installer-Role'
INFO: Created role 'gm-2405131707-HCP-ROSA-Support-Role' with ARN 'arn:aws:iam::635019057757:role/gm-2405131707-HCP-ROSA-Support-Role'
INFO: Created role 'gm-2405131707-HCP-ROSA-Worker-Role' with ARN 'arn:aws:iam::635019057757:role/gm-2405131707-HCP-ROSA-Worker-Role'
Creating the OIDC config 2b7tv6hcj2cfucobs88mb4cadbpbdjr9
OIDC_ID  2b7tv6hcj2cfucobs88mb4cadbpbdjr9
Creating operator-roles
INFO: Creating roles using 'arn:aws:iam::635019057757:user/open-environment-td9nl-admin'
INFO: Created role 'gm-2405131707-kube-system-kube-controller-manager' with ARN 'arn:aws:iam::635019057757:role/gm-2405131707-kube-system-kube-controller-manager'
INFO: Created role 'gm-2405131707-kube-system-capa-controller-manager' with ARN 'arn:aws:iam::635019057757:role/gm-2405131707-kube-system-capa-controller-manager'
INFO: Created role 'gm-2405131707-openshift-cluster-csi-drivers-ebs-cloud-credential' with ARN 'arn:aws:iam::635019057757:role/gm-2405131707-openshift-cluster-csi-drivers-ebs-cloud-credential'
INFO: Created role 'gm-2405131707-openshift-cloud-network-config-controller-cloud-cr' with ARN 'arn:aws:iam::635019057757:role/gm-2405131707-openshift-cloud-network-config-controller-cloud-cr'
INFO: Created role 'gm-2405131707-openshift-image-registry-installer-cloud-credentia' with ARN 'arn:aws:iam::635019057757:role/gm-2405131707-openshift-image-registry-installer-cloud-credentia'
INFO: Created role 'gm-2405131707-openshift-ingress-operator-cloud-credentials' with ARN 'arn:aws:iam::635019057757:role/gm-2405131707-openshift-ingress-operator-cloud-credentials'
INFO: Created role 'gm-2405131707-kube-system-control-plane-operator' with ARN 'arn:aws:iam::635019057757:role/gm-2405131707-kube-system-control-plane-operator'
INFO: Created role 'gm-2405131707-kube-system-kms-provider' with ARN 'arn:aws:iam::635019057757:role/gm-2405131707-kube-system-kms-provider'
Creating a Private ROSA HCP cluster 
 
INFO: Creating cluster 'gm-2405131707'
INFO: To view a list of clusters and their status, run 'rosa list clusters'
INFO: Cluster 'gm-2405131707' has been created.
INFO: Once the cluster is installed you will need to add an Identity Provider before you can login into the cluster. See 'rosa create idp --help' for more information.

Name:                       gm-2405131707
Domain Prefix:              gm-2405131707
Display Name:               gm-2405131707
ID:                         2b7tvfaill23ckob13b3383j46hga64o
External ID:                b3657bde-5c2c-4133-b463-3173edaf4a41
Control Plane:              ROSA Service Hosted
OpenShift Version:          4.14.23
Channel Group:              stable
DNS:                        Not ready
AWS Account:                635019057757
AWS Billing Account:        635019057757
API URL:                    
Console URL:                
Region:                     us-east-2
Availability:
 - Control Plane:           MultiAZ
 - Data Plane:              SingleAZ

Nodes:
 - Compute (desired):       2
 - Compute (current):       0
Network:
 - Type:                    OVNKubernetes
 - Service CIDR:            172.30.0.0/16
 - Machine CIDR:            10.0.0.0/16
 - Pod CIDR:                10.128.0.0/14
 - Host Prefix:             /23
 - Subnets:                 subnet-0c9370a0c19244b03
EC2 Metadata Http Tokens:   optional
Role (STS) ARN:             arn:aws:iam::635019057757:role/gm-2405131707-HCP-ROSA-Installer-Role
Support Role ARN:           arn:aws:iam::635019057757:role/gm-2405131707-HCP-ROSA-Support-Role
Instance IAM Roles:
 - Worker:                  arn:aws:iam::635019057757:role/gm-2405131707-HCP-ROSA-Worker-Role
Operator IAM Roles:
 - arn:aws:iam::635019057757:role/gm-2405131707-kube-system-kube-controller-manager
 - arn:aws:iam::635019057757:role/gm-2405131707-kube-system-capa-controller-manager
 - arn:aws:iam::635019057757:role/gm-2405131707-kube-system-control-plane-operator
 - arn:aws:iam::635019057757:role/gm-2405131707-kube-system-kms-provider
 - arn:aws:iam::635019057757:role/gm-2405131707-openshift-image-registry-installer-cloud-credentia
 - arn:aws:iam::635019057757:role/gm-2405131707-openshift-ingress-operator-cloud-credentials
 - arn:aws:iam::635019057757:role/gm-2405131707-openshift-cluster-csi-drivers-ebs-cloud-credential
 - arn:aws:iam::635019057757:role/gm-2405131707-openshift-cloud-network-config-controller-cloud-cr
Managed Policies:           Yes
State:                      waiting (Waiting for user action)
Private:                    Yes
Delete Protection:          Disabled
Created:                    May 13 2024 15:12:07 UTC
User Workload Monitoring:   Enabled
Details Page:               https://console.redhat.com/openshift/details/s/2gPxgf2MB7jlzDr31CnPOISDXOn
OIDC Endpoint URL:          https://oidc.op1.openshiftapps.com/2b7tv6hcj2cfucobs88mb4cadbpbdjr9 (Managed)
Audit Log Forwarding:       Disabled
External Authentication:    Disabled

INFO: Preparing to create operator roles.
INFO: Operator Roles already exists
INFO: Preparing to create OIDC Provider.
INFO: Creating OIDC provider using 'arn:aws:iam::635019057757:user/open-environment-td9nl-admin'
INFO: Created OIDC provider with ARN 'arn:aws:iam::635019057757:oidc-provider/oidc.op1.openshiftapps.com/2b7tv6hcj2cfucobs88mb4cadbpbdjr9'
INFO: To determine when your cluster is Ready, run 'rosa describe cluster -c gm-2405131707'.
INFO: To watch your cluster installation logs, run 'rosa logs install -c gm-2405131707 --watch'.
Appending rosa installation logs to /Users/gmollo/tools/cluster/svil/rosa-hcp-fast-deploy/gm-2405131707.log 
INFO: Cluster 'gm-2405131707' is in waiting state waiting for installation to begin. Logs will show up within 5 minutes
