Start installing ROSA HCP cluster gm-2401101048 in a Multi-AZ ...
{
    "UserId": "AIDAYKHDSSEBTZKLMJBYA",
    "Account": "571707920643",
    "Arn": "arn:aws:iam::571707920643:user/open-environment-q56fd-admin"
}
{
    "Role": {
        "Path": "/aws-service-role/elasticloadbalancing.amazonaws.com/",
        "RoleName": "AWSServiceRoleForElasticLoadBalancing",
        "RoleId": "AROAYKHDSSEBSBUPDEVCY",
        "Arn": "arn:aws:iam::571707920643:role/aws-service-role/elasticloadbalancing.amazonaws.com/AWSServiceRoleForElasticLoadBalancing",
        "CreateDate": "2022-10-29T16:59:38+00:00",
        "AssumeRolePolicyDocument": {
            "Version": "2012-10-17",
            "Statement": [
                {
                    "Effect": "Allow",
                    "Principal": {
                        "Service": "elasticloadbalancing.amazonaws.com"
                    },
                    "Action": "sts:AssumeRole"
                }
            ]
        },
        "Description": "Allows ELB to call AWS services on your behalf.",
        "MaxSessionDuration": 3600,
        "RoleLastUsed": {
            "LastUsedDate": "2024-01-09T16:03:20+00:00",
            "Region": "us-east-2"
        }
    }
}
#
#
Creating the VPC  vpc-015cd8e6e2dc85732
VPC_ID_VALUE  vpc-015cd8e6e2dc85732
