Start installing ROSA HCP cluster gm-2405022336 in a Single-AZ ...
{
    "UserId": "AIDAZHWQV3JOTIOBCZC4R",
    "Account": "635019057757",
    "Arn": "arn:aws:iam::635019057757:user/open-environment-td9nl-admin"
}
{
    "Role": {
        "Path": "/aws-service-role/elasticloadbalancing.amazonaws.com/",
        "RoleName": "AWSServiceRoleForElasticLoadBalancing",
        "RoleId": "AROAZHWQV3JO6AXE25ABX",
        "Arn": "arn:aws:iam::635019057757:role/aws-service-role/elasticloadbalancing.amazonaws.com/AWSServiceRoleForElasticLoadBalancing",
        "CreateDate": "2019-09-07T15:14:23+00:00",
        "AssumeRolePolicyDocument": {
            "Version": "2012-10-17",
            "Statement": [
                {
                    "Effect": "Allow",
                    "Principal": {
                        "Service": "elasticloadbalancing.amazonaws.com"
                    },
                    "Action": "sts:AssumeRole"
                }
            ]
        },
        "Description": "Allows ELB to call AWS services on your behalf.",
        "MaxSessionDuration": 3600,
        "RoleLastUsed": {
            "LastUsedDate": "2024-05-02T20:23:47+00:00",
            "Region": "us-east-2"
        }
    }
}
#
Creating the VPC:  vpc-01d1c1dba0728ccc6
VPC_ID_VALUE  vpc-01d1c1dba0728ccc6
Creating the Public Subnet:  subnet-0a21b898d7c2fabff
Creating the Private Subnet:  subnet-06e48932279d4402f
Creating the IGW:  igw-09159a4a93790afba
Creating the Public Route Table:  rtb-070fa9f7c6f78cdc4
{
    "Return": true
}
{
    "AssociationId": "rtbassoc-05981f5e682379bdf",
    "AssociationState": {
        "State": "associated"
    }
}
Creating the NGW:  nat-08e23a34d770f8b60
Waiting for NGW to warm up 
Creating the Private Route Table:  rtb-0c689c8acbb13ea5f
{
    "Return": true
}
{
    "AssociationId": "rtbassoc-0186c0ae95c074fec",
    "AssociationState": {
        "State": "associated"
    }
}
#
VPC creation ... done! 
#
Going to create account and operator roles ...
INFO: Creating hosted CP account roles using 'arn:aws:iam::635019057757:user/open-environment-td9nl-admin'
INFO: Created role 'gm-2405022336-HCP-ROSA-Installer-Role' with ARN 'arn:aws:iam::635019057757:role/gm-2405022336-HCP-ROSA-Installer-Role'
INFO: Created role 'gm-2405022336-HCP-ROSA-Support-Role' with ARN 'arn:aws:iam::635019057757:role/gm-2405022336-HCP-ROSA-Support-Role'
INFO: Created role 'gm-2405022336-HCP-ROSA-Worker-Role' with ARN 'arn:aws:iam::635019057757:role/gm-2405022336-HCP-ROSA-Worker-Role'
Creating the OIDC config 2b0rkdrqm2v653icg1v6sm4brsn45gl1
OIDC_ID  2b0rkdrqm2v653icg1v6sm4brsn45gl1
Creating operator-roles
INFO: Creating roles using 'arn:aws:iam::635019057757:user/open-environment-td9nl-admin'
INFO: Created role 'gm-2405022336-kube-system-capa-controller-manager' with ARN 'arn:aws:iam::635019057757:role/gm-2405022336-kube-system-capa-controller-manager'
INFO: Created role 'gm-2405022336-kube-system-control-plane-operator' with ARN 'arn:aws:iam::635019057757:role/gm-2405022336-kube-system-control-plane-operator'
INFO: Created role 'gm-2405022336-kube-system-kms-provider' with ARN 'arn:aws:iam::635019057757:role/gm-2405022336-kube-system-kms-provider'
INFO: Created role 'gm-2405022336-openshift-image-registry-installer-cloud-credentia' with ARN 'arn:aws:iam::635019057757:role/gm-2405022336-openshift-image-registry-installer-cloud-credentia'
INFO: Created role 'gm-2405022336-openshift-ingress-operator-cloud-credentials' with ARN 'arn:aws:iam::635019057757:role/gm-2405022336-openshift-ingress-operator-cloud-credentials'
INFO: Created role 'gm-2405022336-openshift-cluster-csi-drivers-ebs-cloud-credential' with ARN 'arn:aws:iam::635019057757:role/gm-2405022336-openshift-cluster-csi-drivers-ebs-cloud-credential'
INFO: Created role 'gm-2405022336-openshift-cloud-network-config-controller-cloud-cr' with ARN 'arn:aws:iam::635019057757:role/gm-2405022336-openshift-cloud-network-config-controller-cloud-cr'
INFO: Created role 'gm-2405022336-kube-system-kube-controller-manager' with ARN 'arn:aws:iam::635019057757:role/gm-2405022336-kube-system-kube-controller-manager'
Creating ROSA HCP cluster 
Appending rosa installation logs to /home/gmollo/tools/cluster/svil/rosa-hcp-fast-deploy/gm-2405022336.log 
Creating the cluster-admin user
ERR: Failed to get cluster 'gm-2405022336': There is no cluster with identifier or name 'gm-2405022336'
 
 
 
++ echo '\033[1;32m'
+ msgcolor='\033[1;32m'
++ echo '\033[00;00m'
+ normal='\033[00;00m'
+ message='Done!!! '
+ printf '\033[1;32mDone!!! \033[00;00m\n'
[1;32mDone!!! [00;00m
++ echo '\033[1;32m'
+ msgcolor='\033[1;32m'
++ echo '\033[00;00m'
+ normal='\033[00;00m'
+ message='Cluster  gm-2405022336  has been installed and is now up and running'
+ printf '\033[1;32mCluster  gm-2405022336  has been installed and is now up and running\033[00;00m\n'
[1;32mCluster  gm-2405022336  has been installed and is now up and running[00;00m
++ echo '\033[1;32m'
+ msgcolor='\033[1;32m'
++ echo '\033[00;00m'
+ normal='\033[00;00m'
+ message='Please allow a few minutes before to login, for additional information check the /home/gmollo/tools/cluster/svil/rosa-hcp-fast-deploy/gm-2405022336.log file'
+ printf '\033[1;32mPlease allow a few minutes before to login, for additional information check the /home/gmollo/tools/cluster/svil/rosa-hcp-fast-deploy/gm-2405022336.log file\033[00;00m\n'
[1;32mPlease allow a few minutes before to login, for additional information check the /home/gmollo/tools/cluster/svil/rosa-hcp-fast-deploy/gm-2405022336.log file[00;00m
 
 
 
